EUSIPCO2024_CONFIG
EUSIPCO2024_MODEL_PATH
EUSIPCO2024_MATLAB_PATH
/run/current-system/profile/lib
/run/current-system/profile/lib:/micromamba/yzhang2018@ec-nantes.fr/envs/ddrm/lib/
Path of the current ckpt: exp/logs/vitro1c/model004000.pt
data channels : 1
model in_channels : 1
The corresponding MATLAB path: /home/yzhang2018@ec-nantes.fr/EUSIPCO2024/MATLABfiles/
len(dasLst) =  240
len(gammaLst) =  240
Loading the SVD of the degradation matrix (NumericalCysts)
Start restoration
y_0.shape =  torch.Size([1, 65536])
Results will be saved to: /home/yzhang2018@ec-nantes.fr/EUSIPCO2024/MATLABfiles/numerical/Test_cysts/results/sigma1.2/m1/
Finish 1
Results will be saved to: /home/yzhang2018@ec-nantes.fr/EUSIPCO2024/MATLABfiles/numerical/Test_cysts/results/sigma1.2/m1/
Finish 2
Results will be saved to: /home/yzhang2018@ec-nantes.fr/EUSIPCO2024/MATLABfiles/numerical/Test_cysts/results/sigma1.2/m1/
Finish 3
Results will be saved to: /home/yzhang2018@ec-nantes.fr/EUSIPCO2024/MATLABfiles/numerical/Test_cysts/results/sigma1.2/m1/
Finish 4
Results will be saved to: /home/yzhang2018@ec-nantes.fr/EUSIPCO2024/MATLABfiles/numerical/Test_cysts/results/sigma1.2/m1/
Finish 5
Results will be saved to: /home/yzhang2018@ec-nantes.fr/EUSIPCO2024/MATLABfiles/numerical/Test_cysts/results/sigma1.2/m1/
Finish 6
Results will be saved to: /home/yzhang2018@ec-nantes.fr/EUSIPCO2024/MATLABfiles/numerical/Test_cysts/results/sigma1.2/m1/
Finish 7
Results will be saved to: /home/yzhang2018@ec-nantes.fr/EUSIPCO2024/MATLABfiles/numerical/Test_cysts/results/sigma1.2/m1/
Finish 8
Results will be saved to: /home/yzhang2018@ec-nantes.fr/EUSIPCO2024/MATLABfiles/numerical/Test_cysts/results/sigma1.2/m1/
Finish 9
Results will be saved to: /home/yzhang2018@ec-nantes.fr/EUSIPCO2024/MATLABfiles/numerical/Test_cysts/results/sigma1.2/m1/
Finish 10
Results will be saved to: /home/yzhang2018@ec-nantes.fr/EUSIPCO2024/MATLABfiles/numerical/Test_cysts/results/sigma1.2/m1/
Finish 11
Results will be saved to: /home/yzhang2018@ec-nantes.fr/EUSIPCO2024/MATLABfiles/numerical/Test_cysts/results/sigma1.2/m1/
Finish 12
Results will be saved to: /home/yzhang2018@ec-nantes.fr/EUSIPCO2024/MATLABfiles/numerical/Test_cysts/results/sigma1.2/m1/
Finish 13
Results will be saved to: /home/yzhang2018@ec-nantes.fr/EUSIPCO2024/MATLABfiles/numerical/Test_cysts/results/sigma1.2/m1/
Finish 14
Results will be saved to: /home/yzhang2018@ec-nantes.fr/EUSIPCO2024/MATLABfiles/numerical/Test_cysts/results/sigma1.2/m1/
Finish 15
Results will be saved to: /home/yzhang2018@ec-nantes.fr/EUSIPCO2024/MATLABfiles/numerical/Test_cysts/results/sigma1.2/m1/
Finish 16
Results will be saved to: /home/yzhang2018@ec-nantes.fr/EUSIPCO2024/MATLABfiles/numerical/Test_cysts/results/sigma1.2/m1/
Finish 17
Results will be saved to: /home/yzhang2018@ec-nantes.fr/EUSIPCO2024/MATLABfiles/numerical/Test_cysts/results/sigma1.2/m1/
Finish 18
Results will be saved to: /home/yzhang2018@ec-nantes.fr/EUSIPCO2024/MATLABfiles/numerical/Test_cysts/results/sigma1.2/m1/
Finish 19
Results will be saved to: /home/yzhang2018@ec-nantes.fr/EUSIPCO2024/MATLABfiles/numerical/Test_cysts/results/sigma1.2/m1/
Finish 20
Results will be saved to: /home/yzhang2018@ec-nantes.fr/EUSIPCO2024/MATLABfiles/numerical/Test_cysts/results/sigma1.2/m1/
Finish 21
Results will be saved to: /home/yzhang2018@ec-nantes.fr/EUSIPCO2024/MATLABfiles/numerical/Test_cysts/results/sigma1.2/m1/
Finish 22
Results will be saved to: /home/yzhang2018@ec-nantes.fr/EUSIPCO2024/MATLABfiles/numerical/Test_cysts/results/sigma1.2/m1/
Finish 23
Results will be saved to: /home/yzhang2018@ec-nantes.fr/EUSIPCO2024/MATLABfiles/numerical/Test_cysts/results/sigma1.2/m1/
Finish 24
Results will be saved to: /home/yzhang2018@ec-nantes.fr/EUSIPCO2024/MATLABfiles/numerical/Test_cysts/results/sigma1.2/m1/
Finish 25
Results will be saved to: /home/yzhang2018@ec-nantes.fr/EUSIPCO2024/MATLABfiles/numerical/Test_cysts/results/sigma1.2/m1/
Finish 26
Results will be saved to: /home/yzhang2018@ec-nantes.fr/EUSIPCO2024/MATLABfiles/numerical/Test_cysts/results/sigma1.2/m1/
Finish 27
Results will be saved to: /home/yzhang2018@ec-nantes.fr/EUSIPCO2024/MATLABfiles/numerical/Test_cysts/results/sigma1.2/m1/
Finish 28
Results will be saved to: /home/yzhang2018@ec-nantes.fr/EUSIPCO2024/MATLABfiles/numerical/Test_cysts/results/sigma1.2/m1/
Finish 29
Results will be saved to: /home/yzhang2018@ec-nantes.fr/EUSIPCO2024/MATLABfiles/numerical/Test_cysts/results/sigma1.2/m1/
Finish 30
Results will be saved to: /home/yzhang2018@ec-nantes.fr/EUSIPCO2024/MATLABfiles/numerical/Test_cysts/results/sigma1.2/m1/
Finish 31
Results will be saved to: /home/yzhang2018@ec-nantes.fr/EUSIPCO2024/MATLABfiles/numerical/Test_cysts/results/sigma1.2/m1/
Finish 32
Results will be saved to: /home/yzhang2018@ec-nantes.fr/EUSIPCO2024/MATLABfiles/numerical/Test_cysts/results/sigma1.2/m1/
Finish 33
Results will be saved to: /home/yzhang2018@ec-nantes.fr/EUSIPCO2024/MATLABfiles/numerical/Test_cysts/results/sigma1.2/m1/
Finish 34
Results will be saved to: /home/yzhang2018@ec-nantes.fr/EUSIPCO2024/MATLABfiles/numerical/Test_cysts/results/sigma1.2/m1/
Finish 35
Results will be saved to: /home/yzhang2018@ec-nantes.fr/EUSIPCO2024/MATLABfiles/numerical/Test_cysts/results/sigma1.2/m1/
Finish 36
Results will be saved to: /home/yzhang2018@ec-nantes.fr/EUSIPCO2024/MATLABfiles/numerical/Test_cysts/results/sigma1.2/m1/
Finish 37
Results will be saved to: /home/yzhang2018@ec-nantes.fr/EUSIPCO2024/MATLABfiles/numerical/Test_cysts/results/sigma1.2/m1/
Finish 38
Results will be saved to: /home/yzhang2018@ec-nantes.fr/EUSIPCO2024/MATLABfiles/numerical/Test_cysts/results/sigma1.2/m1/
Finish 39
Results will be saved to: /home/yzhang2018@ec-nantes.fr/EUSIPCO2024/MATLABfiles/numerical/Test_cysts/results/sigma1.2/m1/
Finish 40
Results will be saved to: /home/yzhang2018@ec-nantes.fr/EUSIPCO2024/MATLABfiles/numerical/Test_cysts/results/sigma1.2/m1/
Finish 41
Results will be saved to: /home/yzhang2018@ec-nantes.fr/EUSIPCO2024/MATLABfiles/numerical/Test_cysts/results/sigma1.2/m1/
Finish 42
Results will be saved to: /home/yzhang2018@ec-nantes.fr/EUSIPCO2024/MATLABfiles/numerical/Test_cysts/results/sigma1.2/m1/
Finish 43
Results will be saved to: /home/yzhang2018@ec-nantes.fr/EUSIPCO2024/MATLABfiles/numerical/Test_cysts/results/sigma1.2/m1/
Finish 44
Results will be saved to: /home/yzhang2018@ec-nantes.fr/EUSIPCO2024/MATLABfiles/numerical/Test_cysts/results/sigma1.2/m1/
Finish 45
Results will be saved to: /home/yzhang2018@ec-nantes.fr/EUSIPCO2024/MATLABfiles/numerical/Test_cysts/results/sigma1.2/m1/
Finish 46
Results will be saved to: /home/yzhang2018@ec-nantes.fr/EUSIPCO2024/MATLABfiles/numerical/Test_cysts/results/sigma1.2/m1/
Finish 47
Results will be saved to: /home/yzhang2018@ec-nantes.fr/EUSIPCO2024/MATLABfiles/numerical/Test_cysts/results/sigma1.2/m1/
Finish 48
Results will be saved to: /home/yzhang2018@ec-nantes.fr/EUSIPCO2024/MATLABfiles/numerical/Test_cysts/results/sigma1.2/m1/
Finish 49
Results will be saved to: /home/yzhang2018@ec-nantes.fr/EUSIPCO2024/MATLABfiles/numerical/Test_cysts/results/sigma1.2/m1/
Finish 50
Results will be saved to: /home/yzhang2018@ec-nantes.fr/EUSIPCO2024/MATLABfiles/numerical/Test_cysts/results/sigma1.2/m1/
Finish 51
Results will be saved to: /home/yzhang2018@ec-nantes.fr/EUSIPCO2024/MATLABfiles/numerical/Test_cysts/results/sigma1.2/m1/
Finish 52
Results will be saved to: /home/yzhang2018@ec-nantes.fr/EUSIPCO2024/MATLABfiles/numerical/Test_cysts/results/sigma1.2/m1/
Finish 53
Results will be saved to: /home/yzhang2018@ec-nantes.fr/EUSIPCO2024/MATLABfiles/numerical/Test_cysts/results/sigma1.2/m1/
Finish 54
Results will be saved to: /home/yzhang2018@ec-nantes.fr/EUSIPCO2024/MATLABfiles/numerical/Test_cysts/results/sigma1.2/m1/
Finish 55
Results will be saved to: /home/yzhang2018@ec-nantes.fr/EUSIPCO2024/MATLABfiles/numerical/Test_cysts/results/sigma1.2/m1/
Finish 56
Results will be saved to: /home/yzhang2018@ec-nantes.fr/EUSIPCO2024/MATLABfiles/numerical/Test_cysts/results/sigma1.2/m1/
Finish 57
Results will be saved to: /home/yzhang2018@ec-nantes.fr/EUSIPCO2024/MATLABfiles/numerical/Test_cysts/results/sigma1.2/m1/
Finish 58
Results will be saved to: /home/yzhang2018@ec-nantes.fr/EUSIPCO2024/MATLABfiles/numerical/Test_cysts/results/sigma1.2/m1/
Finish 59
Results will be saved to: /home/yzhang2018@ec-nantes.fr/EUSIPCO2024/MATLABfiles/numerical/Test_cysts/results/sigma1.2/m1/
Finish 60
Results will be saved to: /home/yzhang2018@ec-nantes.fr/EUSIPCO2024/MATLABfiles/numerical/Test_cysts/results/sigma1.2/m1/
Finish 61
Results will be saved to: /home/yzhang2018@ec-nantes.fr/EUSIPCO2024/MATLABfiles/numerical/Test_cysts/results/sigma1.2/m1/
Finish 62
Results will be saved to: /home/yzhang2018@ec-nantes.fr/EUSIPCO2024/MATLABfiles/numerical/Test_cysts/results/sigma1.2/m1/
Finish 63
Results will be saved to: /home/yzhang2018@ec-nantes.fr/EUSIPCO2024/MATLABfiles/numerical/Test_cysts/results/sigma1.2/m1/
Finish 64
Results will be saved to: /home/yzhang2018@ec-nantes.fr/EUSIPCO2024/MATLABfiles/numerical/Test_cysts/results/sigma1.2/m1/
Finish 65
Results will be saved to: /home/yzhang2018@ec-nantes.fr/EUSIPCO2024/MATLABfiles/numerical/Test_cysts/results/sigma1.2/m1/
Finish 66
Results will be saved to: /home/yzhang2018@ec-nantes.fr/EUSIPCO2024/MATLABfiles/numerical/Test_cysts/results/sigma1.2/m1/
Finish 67
Results will be saved to: /home/yzhang2018@ec-nantes.fr/EUSIPCO2024/MATLABfiles/numerical/Test_cysts/results/sigma1.2/m1/
Finish 68
Results will be saved to: /home/yzhang2018@ec-nantes.fr/EUSIPCO2024/MATLABfiles/numerical/Test_cysts/results/sigma1.2/m1/
Finish 69
Results will be saved to: /home/yzhang2018@ec-nantes.fr/EUSIPCO2024/MATLABfiles/numerical/Test_cysts/results/sigma1.2/m1/
Finish 70
Results will be saved to: /home/yzhang2018@ec-nantes.fr/EUSIPCO2024/MATLABfiles/numerical/Test_cysts/results/sigma1.2/m1/
Finish 71
Results will be saved to: /home/yzhang2018@ec-nantes.fr/EUSIPCO2024/MATLABfiles/numerical/Test_cysts/results/sigma1.2/m1/
Finish 72
Results will be saved to: /home/yzhang2018@ec-nantes.fr/EUSIPCO2024/MATLABfiles/numerical/Test_cysts/results/sigma1.2/m1/
Finish 73
Results will be saved to: /home/yzhang2018@ec-nantes.fr/EUSIPCO2024/MATLABfiles/numerical/Test_cysts/results/sigma1.2/m1/
Finish 74
Results will be saved to: /home/yzhang2018@ec-nantes.fr/EUSIPCO2024/MATLABfiles/numerical/Test_cysts/results/sigma1.2/m1/
Finish 75
Results will be saved to: /home/yzhang2018@ec-nantes.fr/EUSIPCO2024/MATLABfiles/numerical/Test_cysts/results/sigma1.2/m1/
Finish 76
Results will be saved to: /home/yzhang2018@ec-nantes.fr/EUSIPCO2024/MATLABfiles/numerical/Test_cysts/results/sigma1.2/m1/
Finish 77
Results will be saved to: /home/yzhang2018@ec-nantes.fr/EUSIPCO2024/MATLABfiles/numerical/Test_cysts/results/sigma1.2/m1/
Finish 78
Results will be saved to: /home/yzhang2018@ec-nantes.fr/EUSIPCO2024/MATLABfiles/numerical/Test_cysts/results/sigma1.2/m1/
Finish 79
Results will be saved to: /home/yzhang2018@ec-nantes.fr/EUSIPCO2024/MATLABfiles/numerical/Test_cysts/results/sigma1.2/m1/
Finish 80
Results will be saved to: /home/yzhang2018@ec-nantes.fr/EUSIPCO2024/MATLABfiles/numerical/Test_cysts/results/sigma1.2/m1/
Finish 81
Results will be saved to: /home/yzhang2018@ec-nantes.fr/EUSIPCO2024/MATLABfiles/numerical/Test_cysts/results/sigma1.2/m1/
Finish 82
Results will be saved to: /home/yzhang2018@ec-nantes.fr/EUSIPCO2024/MATLABfiles/numerical/Test_cysts/results/sigma1.2/m1/
Finish 83
Results will be saved to: /home/yzhang2018@ec-nantes.fr/EUSIPCO2024/MATLABfiles/numerical/Test_cysts/results/sigma1.2/m1/
Finish 84
Results will be saved to: /home/yzhang2018@ec-nantes.fr/EUSIPCO2024/MATLABfiles/numerical/Test_cysts/results/sigma1.2/m1/
Finish 85
Results will be saved to: /home/yzhang2018@ec-nantes.fr/EUSIPCO2024/MATLABfiles/numerical/Test_cysts/results/sigma1.2/m1/
Finish 86
Results will be saved to: /home/yzhang2018@ec-nantes.fr/EUSIPCO2024/MATLABfiles/numerical/Test_cysts/results/sigma1.2/m1/
Finish 87
Results will be saved to: /home/yzhang2018@ec-nantes.fr/EUSIPCO2024/MATLABfiles/numerical/Test_cysts/results/sigma1.2/m1/
Finish 88
Results will be saved to: /home/yzhang2018@ec-nantes.fr/EUSIPCO2024/MATLABfiles/numerical/Test_cysts/results/sigma1.2/m1/
Finish 89
Results will be saved to: /home/yzhang2018@ec-nantes.fr/EUSIPCO2024/MATLABfiles/numerical/Test_cysts/results/sigma1.2/m1/
Finish 90
Results will be saved to: /home/yzhang2018@ec-nantes.fr/EUSIPCO2024/MATLABfiles/numerical/Test_cysts/results/sigma1.2/m1/
Finish 91
Results will be saved to: /home/yzhang2018@ec-nantes.fr/EUSIPCO2024/MATLABfiles/numerical/Test_cysts/results/sigma1.2/m1/
Finish 92
Results will be saved to: /home/yzhang2018@ec-nantes.fr/EUSIPCO2024/MATLABfiles/numerical/Test_cysts/results/sigma1.2/m1/
Finish 93
Results will be saved to: /home/yzhang2018@ec-nantes.fr/EUSIPCO2024/MATLABfiles/numerical/Test_cysts/results/sigma1.2/m1/
Finish 94
Results will be saved to: /home/yzhang2018@ec-nantes.fr/EUSIPCO2024/MATLABfiles/numerical/Test_cysts/results/sigma1.2/m1/
Finish 95
Results will be saved to: /home/yzhang2018@ec-nantes.fr/EUSIPCO2024/MATLABfiles/numerical/Test_cysts/results/sigma1.2/m1/
Finish 96
Results will be saved to: /home/yzhang2018@ec-nantes.fr/EUSIPCO2024/MATLABfiles/numerical/Test_cysts/results/sigma1.2/m1/
Finish 97
Results will be saved to: /home/yzhang2018@ec-nantes.fr/EUSIPCO2024/MATLABfiles/numerical/Test_cysts/results/sigma1.2/m1/
Finish 98
Results will be saved to: /home/yzhang2018@ec-nantes.fr/EUSIPCO2024/MATLABfiles/numerical/Test_cysts/results/sigma1.2/m1/
Finish 99
Results will be saved to: /home/yzhang2018@ec-nantes.fr/EUSIPCO2024/MATLABfiles/numerical/Test_cysts/results/sigma1.2/m1/
Finish 100
Results will be saved to: /home/yzhang2018@ec-nantes.fr/EUSIPCO2024/MATLABfiles/numerical/Test_cysts/results/sigma1.2/m1/
Finish 101
Results will be saved to: /home/yzhang2018@ec-nantes.fr/EUSIPCO2024/MATLABfiles/numerical/Test_cysts/results/sigma1.2/m1/
Finish 102
Results will be saved to: /home/yzhang2018@ec-nantes.fr/EUSIPCO2024/MATLABfiles/numerical/Test_cysts/results/sigma1.2/m1/
Finish 103
Results will be saved to: /home/yzhang2018@ec-nantes.fr/EUSIPCO2024/MATLABfiles/numerical/Test_cysts/results/sigma1.2/m1/
Finish 104
Results will be saved to: /home/yzhang2018@ec-nantes.fr/EUSIPCO2024/MATLABfiles/numerical/Test_cysts/results/sigma1.2/m1/
Finish 105
Results will be saved to: /home/yzhang2018@ec-nantes.fr/EUSIPCO2024/MATLABfiles/numerical/Test_cysts/results/sigma1.2/m1/
Finish 106
Results will be saved to: /home/yzhang2018@ec-nantes.fr/EUSIPCO2024/MATLABfiles/numerical/Test_cysts/results/sigma1.2/m1/
Finish 107
Results will be saved to: /home/yzhang2018@ec-nantes.fr/EUSIPCO2024/MATLABfiles/numerical/Test_cysts/results/sigma1.2/m1/
Finish 108
Results will be saved to: /home/yzhang2018@ec-nantes.fr/EUSIPCO2024/MATLABfiles/numerical/Test_cysts/results/sigma1.2/m1/
Finish 109
Results will be saved to: /home/yzhang2018@ec-nantes.fr/EUSIPCO2024/MATLABfiles/numerical/Test_cysts/results/sigma1.2/m1/
Finish 110
Results will be saved to: /home/yzhang2018@ec-nantes.fr/EUSIPCO2024/MATLABfiles/numerical/Test_cysts/results/sigma1.2/m1/
Finish 111
Results will be saved to: /home/yzhang2018@ec-nantes.fr/EUSIPCO2024/MATLABfiles/numerical/Test_cysts/results/sigma1.2/m1/
Finish 112
Results will be saved to: /home/yzhang2018@ec-nantes.fr/EUSIPCO2024/MATLABfiles/numerical/Test_cysts/results/sigma1.2/m1/
Finish 113
Results will be saved to: /home/yzhang2018@ec-nantes.fr/EUSIPCO2024/MATLABfiles/numerical/Test_cysts/results/sigma1.2/m1/
Finish 114
Results will be saved to: /home/yzhang2018@ec-nantes.fr/EUSIPCO2024/MATLABfiles/numerical/Test_cysts/results/sigma1.2/m1/
Finish 115
Results will be saved to: /home/yzhang2018@ec-nantes.fr/EUSIPCO2024/MATLABfiles/numerical/Test_cysts/results/sigma1.2/m1/
Finish 116
Results will be saved to: /home/yzhang2018@ec-nantes.fr/EUSIPCO2024/MATLABfiles/numerical/Test_cysts/results/sigma1.2/m1/
Finish 117
Results will be saved to: /home/yzhang2018@ec-nantes.fr/EUSIPCO2024/MATLABfiles/numerical/Test_cysts/results/sigma1.2/m1/
Finish 118
Results will be saved to: /home/yzhang2018@ec-nantes.fr/EUSIPCO2024/MATLABfiles/numerical/Test_cysts/results/sigma1.2/m1/
Finish 119
Results will be saved to: /home/yzhang2018@ec-nantes.fr/EUSIPCO2024/MATLABfiles/numerical/Test_cysts/results/sigma1.2/m1/
Finish 120
Results will be saved to: /home/yzhang2018@ec-nantes.fr/EUSIPCO2024/MATLABfiles/numerical/Test_cysts/results/sigma1.2/m1/
Finish 121
Results will be saved to: /home/yzhang2018@ec-nantes.fr/EUSIPCO2024/MATLABfiles/numerical/Test_cysts/results/sigma1.2/m1/
Finish 122
Results will be saved to: /home/yzhang2018@ec-nantes.fr/EUSIPCO2024/MATLABfiles/numerical/Test_cysts/results/sigma1.2/m1/
Finish 123
Results will be saved to: /home/yzhang2018@ec-nantes.fr/EUSIPCO2024/MATLABfiles/numerical/Test_cysts/results/sigma1.2/m1/
Finish 124
Results will be saved to: /home/yzhang2018@ec-nantes.fr/EUSIPCO2024/MATLABfiles/numerical/Test_cysts/results/sigma1.2/m1/
Finish 125
Results will be saved to: /home/yzhang2018@ec-nantes.fr/EUSIPCO2024/MATLABfiles/numerical/Test_cysts/results/sigma1.2/m1/
Finish 126
Results will be saved to: /home/yzhang2018@ec-nantes.fr/EUSIPCO2024/MATLABfiles/numerical/Test_cysts/results/sigma1.2/m1/
Finish 127
Results will be saved to: /home/yzhang2018@ec-nantes.fr/EUSIPCO2024/MATLABfiles/numerical/Test_cysts/results/sigma1.2/m1/
Finish 128
Results will be saved to: /home/yzhang2018@ec-nantes.fr/EUSIPCO2024/MATLABfiles/numerical/Test_cysts/results/sigma1.2/m1/
Finish 129
Results will be saved to: /home/yzhang2018@ec-nantes.fr/EUSIPCO2024/MATLABfiles/numerical/Test_cysts/results/sigma1.2/m1/
Finish 130
Results will be saved to: /home/yzhang2018@ec-nantes.fr/EUSIPCO2024/MATLABfiles/numerical/Test_cysts/results/sigma1.2/m1/
Finish 131
Results will be saved to: /home/yzhang2018@ec-nantes.fr/EUSIPCO2024/MATLABfiles/numerical/Test_cysts/results/sigma1.2/m1/
Finish 132
Results will be saved to: /home/yzhang2018@ec-nantes.fr/EUSIPCO2024/MATLABfiles/numerical/Test_cysts/results/sigma1.2/m1/
Finish 133
Results will be saved to: /home/yzhang2018@ec-nantes.fr/EUSIPCO2024/MATLABfiles/numerical/Test_cysts/results/sigma1.2/m1/
Finish 134
Results will be saved to: /home/yzhang2018@ec-nantes.fr/EUSIPCO2024/MATLABfiles/numerical/Test_cysts/results/sigma1.2/m1/
Finish 135
Results will be saved to: /home/yzhang2018@ec-nantes.fr/EUSIPCO2024/MATLABfiles/numerical/Test_cysts/results/sigma1.2/m1/
Finish 136
Results will be saved to: /home/yzhang2018@ec-nantes.fr/EUSIPCO2024/MATLABfiles/numerical/Test_cysts/results/sigma1.2/m1/
Finish 137
Results will be saved to: /home/yzhang2018@ec-nantes.fr/EUSIPCO2024/MATLABfiles/numerical/Test_cysts/results/sigma1.2/m1/
Finish 138
Results will be saved to: /home/yzhang2018@ec-nantes.fr/EUSIPCO2024/MATLABfiles/numerical/Test_cysts/results/sigma1.2/m1/
Finish 139
Results will be saved to: /home/yzhang2018@ec-nantes.fr/EUSIPCO2024/MATLABfiles/numerical/Test_cysts/results/sigma1.2/m1/
Finish 140
Results will be saved to: /home/yzhang2018@ec-nantes.fr/EUSIPCO2024/MATLABfiles/numerical/Test_cysts/results/sigma1.2/m1/
Finish 141
Results will be saved to: /home/yzhang2018@ec-nantes.fr/EUSIPCO2024/MATLABfiles/numerical/Test_cysts/results/sigma1.2/m1/
Finish 142
Results will be saved to: /home/yzhang2018@ec-nantes.fr/EUSIPCO2024/MATLABfiles/numerical/Test_cysts/results/sigma1.2/m1/
Finish 143
Results will be saved to: /home/yzhang2018@ec-nantes.fr/EUSIPCO2024/MATLABfiles/numerical/Test_cysts/results/sigma1.2/m1/
Finish 144
Results will be saved to: /home/yzhang2018@ec-nantes.fr/EUSIPCO2024/MATLABfiles/numerical/Test_cysts/results/sigma1.2/m1/
Finish 145
Results will be saved to: /home/yzhang2018@ec-nantes.fr/EUSIPCO2024/MATLABfiles/numerical/Test_cysts/results/sigma1.2/m1/
Finish 146
Results will be saved to: /home/yzhang2018@ec-nantes.fr/EUSIPCO2024/MATLABfiles/numerical/Test_cysts/results/sigma1.2/m1/
Finish 147
Results will be saved to: /home/yzhang2018@ec-nantes.fr/EUSIPCO2024/MATLABfiles/numerical/Test_cysts/results/sigma1.2/m1/
Finish 148
Results will be saved to: /home/yzhang2018@ec-nantes.fr/EUSIPCO2024/MATLABfiles/numerical/Test_cysts/results/sigma1.2/m1/
Finish 149
Results will be saved to: /home/yzhang2018@ec-nantes.fr/EUSIPCO2024/MATLABfiles/numerical/Test_cysts/results/sigma1.2/m1/
Finish 150
Results will be saved to: /home/yzhang2018@ec-nantes.fr/EUSIPCO2024/MATLABfiles/numerical/Test_cysts/results/sigma1.2/m1/
Finish 151
Results will be saved to: /home/yzhang2018@ec-nantes.fr/EUSIPCO2024/MATLABfiles/numerical/Test_cysts/results/sigma1.2/m1/
Finish 152
Results will be saved to: /home/yzhang2018@ec-nantes.fr/EUSIPCO2024/MATLABfiles/numerical/Test_cysts/results/sigma1.2/m1/
Finish 153
Results will be saved to: /home/yzhang2018@ec-nantes.fr/EUSIPCO2024/MATLABfiles/numerical/Test_cysts/results/sigma1.2/m1/
Finish 154
Results will be saved to: /home/yzhang2018@ec-nantes.fr/EUSIPCO2024/MATLABfiles/numerical/Test_cysts/results/sigma1.2/m1/
Finish 155
Results will be saved to: /home/yzhang2018@ec-nantes.fr/EUSIPCO2024/MATLABfiles/numerical/Test_cysts/results/sigma1.2/m1/
Finish 156
Results will be saved to: /home/yzhang2018@ec-nantes.fr/EUSIPCO2024/MATLABfiles/numerical/Test_cysts/results/sigma1.2/m1/
Finish 157
Results will be saved to: /home/yzhang2018@ec-nantes.fr/EUSIPCO2024/MATLABfiles/numerical/Test_cysts/results/sigma1.2/m1/
Finish 158
Results will be saved to: /home/yzhang2018@ec-nantes.fr/EUSIPCO2024/MATLABfiles/numerical/Test_cysts/results/sigma1.2/m1/
Finish 159
Results will be saved to: /home/yzhang2018@ec-nantes.fr/EUSIPCO2024/MATLABfiles/numerical/Test_cysts/results/sigma1.2/m1/
Finish 160
Results will be saved to: /home/yzhang2018@ec-nantes.fr/EUSIPCO2024/MATLABfiles/numerical/Test_cysts/results/sigma1.2/m1/
Finish 161
Results will be saved to: /home/yzhang2018@ec-nantes.fr/EUSIPCO2024/MATLABfiles/numerical/Test_cysts/results/sigma1.2/m1/
Finish 162
Results will be saved to: /home/yzhang2018@ec-nantes.fr/EUSIPCO2024/MATLABfiles/numerical/Test_cysts/results/sigma1.2/m1/
Finish 163
Results will be saved to: /home/yzhang2018@ec-nantes.fr/EUSIPCO2024/MATLABfiles/numerical/Test_cysts/results/sigma1.2/m1/
Finish 164
Results will be saved to: /home/yzhang2018@ec-nantes.fr/EUSIPCO2024/MATLABfiles/numerical/Test_cysts/results/sigma1.2/m1/
Finish 165
Results will be saved to: /home/yzhang2018@ec-nantes.fr/EUSIPCO2024/MATLABfiles/numerical/Test_cysts/results/sigma1.2/m1/
Finish 166
Results will be saved to: /home/yzhang2018@ec-nantes.fr/EUSIPCO2024/MATLABfiles/numerical/Test_cysts/results/sigma1.2/m1/
Finish 167
Results will be saved to: /home/yzhang2018@ec-nantes.fr/EUSIPCO2024/MATLABfiles/numerical/Test_cysts/results/sigma1.2/m1/
Finish 168
Results will be saved to: /home/yzhang2018@ec-nantes.fr/EUSIPCO2024/MATLABfiles/numerical/Test_cysts/results/sigma1.2/m1/
Finish 169
Results will be saved to: /home/yzhang2018@ec-nantes.fr/EUSIPCO2024/MATLABfiles/numerical/Test_cysts/results/sigma1.2/m1/
Finish 170
Results will be saved to: /home/yzhang2018@ec-nantes.fr/EUSIPCO2024/MATLABfiles/numerical/Test_cysts/results/sigma1.2/m1/
Finish 171
Results will be saved to: /home/yzhang2018@ec-nantes.fr/EUSIPCO2024/MATLABfiles/numerical/Test_cysts/results/sigma1.2/m1/
Finish 172
Results will be saved to: /home/yzhang2018@ec-nantes.fr/EUSIPCO2024/MATLABfiles/numerical/Test_cysts/results/sigma1.2/m1/
Finish 173
Results will be saved to: /home/yzhang2018@ec-nantes.fr/EUSIPCO2024/MATLABfiles/numerical/Test_cysts/results/sigma1.2/m1/
Finish 174
Results will be saved to: /home/yzhang2018@ec-nantes.fr/EUSIPCO2024/MATLABfiles/numerical/Test_cysts/results/sigma1.2/m1/
Finish 175
Results will be saved to: /home/yzhang2018@ec-nantes.fr/EUSIPCO2024/MATLABfiles/numerical/Test_cysts/results/sigma1.2/m1/
Finish 176
Results will be saved to: /home/yzhang2018@ec-nantes.fr/EUSIPCO2024/MATLABfiles/numerical/Test_cysts/results/sigma1.2/m1/
Finish 177
Results will be saved to: /home/yzhang2018@ec-nantes.fr/EUSIPCO2024/MATLABfiles/numerical/Test_cysts/results/sigma1.2/m1/
Finish 178
Results will be saved to: /home/yzhang2018@ec-nantes.fr/EUSIPCO2024/MATLABfiles/numerical/Test_cysts/results/sigma1.2/m1/
Finish 179
Results will be saved to: /home/yzhang2018@ec-nantes.fr/EUSIPCO2024/MATLABfiles/numerical/Test_cysts/results/sigma1.2/m1/
Finish 180
Results will be saved to: /home/yzhang2018@ec-nantes.fr/EUSIPCO2024/MATLABfiles/numerical/Test_cysts/results/sigma1.2/m1/
Finish 181
Results will be saved to: /home/yzhang2018@ec-nantes.fr/EUSIPCO2024/MATLABfiles/numerical/Test_cysts/results/sigma1.2/m1/
Finish 182
Results will be saved to: /home/yzhang2018@ec-nantes.fr/EUSIPCO2024/MATLABfiles/numerical/Test_cysts/results/sigma1.2/m1/
Finish 183
Results will be saved to: /home/yzhang2018@ec-nantes.fr/EUSIPCO2024/MATLABfiles/numerical/Test_cysts/results/sigma1.2/m1/
Finish 184
Results will be saved to: /home/yzhang2018@ec-nantes.fr/EUSIPCO2024/MATLABfiles/numerical/Test_cysts/results/sigma1.2/m1/
Finish 185
Results will be saved to: /home/yzhang2018@ec-nantes.fr/EUSIPCO2024/MATLABfiles/numerical/Test_cysts/results/sigma1.2/m1/
Finish 186
Results will be saved to: /home/yzhang2018@ec-nantes.fr/EUSIPCO2024/MATLABfiles/numerical/Test_cysts/results/sigma1.2/m1/
Finish 187
Results will be saved to: /home/yzhang2018@ec-nantes.fr/EUSIPCO2024/MATLABfiles/numerical/Test_cysts/results/sigma1.2/m1/
Finish 188
Results will be saved to: /home/yzhang2018@ec-nantes.fr/EUSIPCO2024/MATLABfiles/numerical/Test_cysts/results/sigma1.2/m1/
Finish 189
Results will be saved to: /home/yzhang2018@ec-nantes.fr/EUSIPCO2024/MATLABfiles/numerical/Test_cysts/results/sigma1.2/m1/
Finish 190
Results will be saved to: /home/yzhang2018@ec-nantes.fr/EUSIPCO2024/MATLABfiles/numerical/Test_cysts/results/sigma1.2/m1/
Finish 191
Results will be saved to: /home/yzhang2018@ec-nantes.fr/EUSIPCO2024/MATLABfiles/numerical/Test_cysts/results/sigma1.2/m1/
Finish 192
Results will be saved to: /home/yzhang2018@ec-nantes.fr/EUSIPCO2024/MATLABfiles/numerical/Test_cysts/results/sigma1.2/m1/
Finish 193
Results will be saved to: /home/yzhang2018@ec-nantes.fr/EUSIPCO2024/MATLABfiles/numerical/Test_cysts/results/sigma1.2/m1/
Finish 194
Results will be saved to: /home/yzhang2018@ec-nantes.fr/EUSIPCO2024/MATLABfiles/numerical/Test_cysts/results/sigma1.2/m1/
Finish 195
Results will be saved to: /home/yzhang2018@ec-nantes.fr/EUSIPCO2024/MATLABfiles/numerical/Test_cysts/results/sigma1.2/m1/
Finish 196
Results will be saved to: /home/yzhang2018@ec-nantes.fr/EUSIPCO2024/MATLABfiles/numerical/Test_cysts/results/sigma1.2/m1/
Finish 197
Results will be saved to: /home/yzhang2018@ec-nantes.fr/EUSIPCO2024/MATLABfiles/numerical/Test_cysts/results/sigma1.2/m1/
Finish 198
Results will be saved to: /home/yzhang2018@ec-nantes.fr/EUSIPCO2024/MATLABfiles/numerical/Test_cysts/results/sigma1.2/m1/
Finish 199
Results will be saved to: /home/yzhang2018@ec-nantes.fr/EUSIPCO2024/MATLABfiles/numerical/Test_cysts/results/sigma1.2/m1/
Finish 200
Results will be saved to: /home/yzhang2018@ec-nantes.fr/EUSIPCO2024/MATLABfiles/numerical/Test_cysts/results/sigma1.2/m1/
Finish 201
Results will be saved to: /home/yzhang2018@ec-nantes.fr/EUSIPCO2024/MATLABfiles/numerical/Test_cysts/results/sigma1.2/m1/
Finish 202
Results will be saved to: /home/yzhang2018@ec-nantes.fr/EUSIPCO2024/MATLABfiles/numerical/Test_cysts/results/sigma1.2/m1/
Finish 203
Results will be saved to: /home/yzhang2018@ec-nantes.fr/EUSIPCO2024/MATLABfiles/numerical/Test_cysts/results/sigma1.2/m1/
Finish 204
Results will be saved to: /home/yzhang2018@ec-nantes.fr/EUSIPCO2024/MATLABfiles/numerical/Test_cysts/results/sigma1.2/m1/
Finish 205
Results will be saved to: /home/yzhang2018@ec-nantes.fr/EUSIPCO2024/MATLABfiles/numerical/Test_cysts/results/sigma1.2/m1/
Finish 206
Results will be saved to: /home/yzhang2018@ec-nantes.fr/EUSIPCO2024/MATLABfiles/numerical/Test_cysts/results/sigma1.2/m1/
Finish 207
Results will be saved to: /home/yzhang2018@ec-nantes.fr/EUSIPCO2024/MATLABfiles/numerical/Test_cysts/results/sigma1.2/m1/
Finish 208
Results will be saved to: /home/yzhang2018@ec-nantes.fr/EUSIPCO2024/MATLABfiles/numerical/Test_cysts/results/sigma1.2/m1/
Finish 209
Results will be saved to: /home/yzhang2018@ec-nantes.fr/EUSIPCO2024/MATLABfiles/numerical/Test_cysts/results/sigma1.2/m1/
Finish 210
Results will be saved to: /home/yzhang2018@ec-nantes.fr/EUSIPCO2024/MATLABfiles/numerical/Test_cysts/results/sigma1.2/m1/
Finish 211
Results will be saved to: /home/yzhang2018@ec-nantes.fr/EUSIPCO2024/MATLABfiles/numerical/Test_cysts/results/sigma1.2/m1/
Finish 212
Results will be saved to: /home/yzhang2018@ec-nantes.fr/EUSIPCO2024/MATLABfiles/numerical/Test_cysts/results/sigma1.2/m1/
Finish 213
Results will be saved to: /home/yzhang2018@ec-nantes.fr/EUSIPCO2024/MATLABfiles/numerical/Test_cysts/results/sigma1.2/m1/
Finish 214
Results will be saved to: /home/yzhang2018@ec-nantes.fr/EUSIPCO2024/MATLABfiles/numerical/Test_cysts/results/sigma1.2/m1/
Finish 215
Results will be saved to: /home/yzhang2018@ec-nantes.fr/EUSIPCO2024/MATLABfiles/numerical/Test_cysts/results/sigma1.2/m1/
Finish 216
Results will be saved to: /home/yzhang2018@ec-nantes.fr/EUSIPCO2024/MATLABfiles/numerical/Test_cysts/results/sigma1.2/m1/
Finish 217
Results will be saved to: /home/yzhang2018@ec-nantes.fr/EUSIPCO2024/MATLABfiles/numerical/Test_cysts/results/sigma1.2/m1/
Finish 218
Results will be saved to: /home/yzhang2018@ec-nantes.fr/EUSIPCO2024/MATLABfiles/numerical/Test_cysts/results/sigma1.2/m1/
Finish 219
Results will be saved to: /home/yzhang2018@ec-nantes.fr/EUSIPCO2024/MATLABfiles/numerical/Test_cysts/results/sigma1.2/m1/
Finish 220
Results will be saved to: /home/yzhang2018@ec-nantes.fr/EUSIPCO2024/MATLABfiles/numerical/Test_cysts/results/sigma1.2/m1/
Finish 221
Results will be saved to: /home/yzhang2018@ec-nantes.fr/EUSIPCO2024/MATLABfiles/numerical/Test_cysts/results/sigma1.2/m1/
Finish 222
Results will be saved to: /home/yzhang2018@ec-nantes.fr/EUSIPCO2024/MATLABfiles/numerical/Test_cysts/results/sigma1.2/m1/
Finish 223
Results will be saved to: /home/yzhang2018@ec-nantes.fr/EUSIPCO2024/MATLABfiles/numerical/Test_cysts/results/sigma1.2/m1/
Finish 224
Results will be saved to: /home/yzhang2018@ec-nantes.fr/EUSIPCO2024/MATLABfiles/numerical/Test_cysts/results/sigma1.2/m1/
Finish 225
Results will be saved to: /home/yzhang2018@ec-nantes.fr/EUSIPCO2024/MATLABfiles/numerical/Test_cysts/results/sigma1.2/m1/
Finish 226
Results will be saved to: /home/yzhang2018@ec-nantes.fr/EUSIPCO2024/MATLABfiles/numerical/Test_cysts/results/sigma1.2/m1/
Finish 227
Results will be saved to: /home/yzhang2018@ec-nantes.fr/EUSIPCO2024/MATLABfiles/numerical/Test_cysts/results/sigma1.2/m1/
Finish 228
Results will be saved to: /home/yzhang2018@ec-nantes.fr/EUSIPCO2024/MATLABfiles/numerical/Test_cysts/results/sigma1.2/m1/
Finish 229
Results will be saved to: /home/yzhang2018@ec-nantes.fr/EUSIPCO2024/MATLABfiles/numerical/Test_cysts/results/sigma1.2/m1/
Finish 230
Results will be saved to: /home/yzhang2018@ec-nantes.fr/EUSIPCO2024/MATLABfiles/numerical/Test_cysts/results/sigma1.2/m1/
Finish 231
Results will be saved to: /home/yzhang2018@ec-nantes.fr/EUSIPCO2024/MATLABfiles/numerical/Test_cysts/results/sigma1.2/m1/
Finish 232
Results will be saved to: /home/yzhang2018@ec-nantes.fr/EUSIPCO2024/MATLABfiles/numerical/Test_cysts/results/sigma1.2/m1/
Finish 233
Results will be saved to: /home/yzhang2018@ec-nantes.fr/EUSIPCO2024/MATLABfiles/numerical/Test_cysts/results/sigma1.2/m1/
Finish 234
Results will be saved to: /home/yzhang2018@ec-nantes.fr/EUSIPCO2024/MATLABfiles/numerical/Test_cysts/results/sigma1.2/m1/
Finish 235
Results will be saved to: /home/yzhang2018@ec-nantes.fr/EUSIPCO2024/MATLABfiles/numerical/Test_cysts/results/sigma1.2/m1/
Finish 236
Results will be saved to: /home/yzhang2018@ec-nantes.fr/EUSIPCO2024/MATLABfiles/numerical/Test_cysts/results/sigma1.2/m1/
Finish 237
Results will be saved to: /home/yzhang2018@ec-nantes.fr/EUSIPCO2024/MATLABfiles/numerical/Test_cysts/results/sigma1.2/m1/
Finish 238
Results will be saved to: /home/yzhang2018@ec-nantes.fr/EUSIPCO2024/MATLABfiles/numerical/Test_cysts/results/sigma1.2/m1/
Finish 239
Results will be saved to: /home/yzhang2018@ec-nantes.fr/EUSIPCO2024/MATLABfiles/numerical/Test_cysts/results/sigma1.2/m1/
Finish 240
